# JRE version: Java(TM) SE Runtime Environment (8.0_71-b15) (build 1.8.0_71-b15)
# Java VM: Java HotSpot(TM) 64-Bit Server VM (25.71-b15 mixed mode windows-amd64 compressed oops)
Heap:
 PSYoungGen      total 218624K, used 17555K [0x00000000eab00000, 0x00000000f9780000, 0x0000000100000000)
  eden space 196608K, 8% used [0x00000000eab00000,0x00000000ebc24e58,0x00000000f6b00000)
  from space 22016K, 0% used [0x00000000f8100000,0x00000000f8100000,0x00000000f9680000)
  to   space 22528K, 0% used [0x00000000f6b00000,0x00000000f6b00000,0x00000000f8100000)
 ParOldGen       total 150528K, used 40643K [0x00000000c0000000, 0x00000000c9300000, 0x00000000eab00000)
  object space 150528K, 27% used [0x00000000c0000000,0x00000000c27b0e98,0x00000000c9300000)
 Metaspace       used 60105K, capacity 62152K, committed 62464K, reserved 1103872K
  class space    used 7963K, capacity 8392K, committed 8448K, reserved 1048576K
GC Heap History (10 events):
Event: 193.234 GC heap before
{Heap before GC invocations=22 (full 4):
 PSYoungGen      total 204800K, used 184820K [0x00000000eab00000, 0x00000000fa600000, 0x0000000100000000)
  eden space 181248K, 100% used [0x00000000eab00000,0x00000000f5c00000,0x00000000f5c00000)
  from space 23552K, 15% used [0x00000000f5c00000,0x00000000f5f7d180,0x00000000f7300000)
  to   space 23552K, 0% used [0x00000000f8f00000,0x00000000f8f00000,0x00000000fa600000)
 ParOldGen       total 150528K, used 36299K [0x00000000c0000000, 0x00000000c9300000, 0x00000000eab00000)
  object space 150528K, 24% used [0x00000000c0000000,0x00000000c2372f30,0x00000000c9300000)
 Metaspace       used 59934K, capacity 61986K, committed 62208K, reserved 1103872K
  class space    used 7958K, capacity 8379K, committed 8448K, reserved 1048576K
Event: 193.284 GC heap after
Heap after GC invocations=22 (full 4):
 PSYoungGen      total 206848K, used 5408K [0x00000000eab00000, 0x00000000f9880000, 0x0000000100000000)
  eden space 197120K, 0% used [0x00000000eab00000,0x00000000eab00000,0x00000000f6b80000)
  from space 9728K, 55% used [0x00000000f8f00000,0x00000000f9448080,0x00000000f9880000)
  to   space 23040K, 0% used [0x00000000f6b80000,0x00000000f6b80000,0x00000000f8200000)
 ParOldGen       total 150528K, used 36307K [0x00000000c0000000, 0x00000000c9300000, 0x00000000eab00000)
  object space 150528K, 24% used [0x00000000c0000000,0x00000000c2374f30,0x00000000c9300000)
 Metaspace       used 59934K, capacity 61986K, committed 62208K, reserved 1103872K
  class space    used 7958K, capacity 8379K, committed 8448K, reserved 1048576K
}
Event: 194.874 GC heap before
{Heap before GC invocations=23 (full 4):
 PSYoungGen      total 206848K, used 47993K [0x00000000eab00000, 0x00000000f9880000, 0x0000000100000000)
  eden space 197120K, 21% used [0x00000000eab00000,0x00000000ed496758,0x00000000f6b80000)
  from space 9728K, 55% used [0x00000000f8f00000,0x00000000f9448080,0x00000000f9880000)
  to   space 23040K, 0% used [0x00000000f6b80000,0x00000000f6b80000,0x00000000f8200000)
 ParOldGen       total 150528K, used 36307K [0x00000000c0000000, 0x00000000c9300000, 0x00000000eab00000)
  object space 150528K, 24% used [0x00000000c0000000,0x00000000c2374f30,0x00000000c9300000)
 Metaspace       used 60085K, capacity 62222K, committed 62464K, reserved 1103872K
  class space    used 7969K, capacity 8397K, committed 8448K, reserved 1048576K
Event: 194.879 GC heap after
Heap after GC invocations=23 (full 4):
 PSYoungGen      total 203776K, used 6144K [0x00000000eab00000, 0x00000000f9680000, 0x0000000100000000)
  eden space 197120K, 0% used [0x00000000eab00000,0x00000000eab00000,0x00000000f6b80000)
  from space 6656K, 92% used [0x00000000f6b80000,0x00000000f71800c0,0x00000000f7200000)
  to   space 22016K, 0% used [0x00000000f8100000,0x00000000f8100000,0x00000000f9680000)
 ParOldGen       total 150528K, used 36315K [0x00000000c0000000, 0x00000000c9300000, 0x00000000eab00000)
  object space 150528K, 24% used [0x00000000c0000000,0x00000000c2376f30,0x00000000c9300000)
 Metaspace       used 60085K, capacity 62222K, committed 62464K, reserved 1103872K
  class space    used 7969K, capacity 8397K, committed 8448K, reserved 1048576K
}
Event: 194.879 GC heap before
{Heap before GC invocations=24 (full 5):
 PSYoungGen      total 203776K, used 6144K [0x00000000eab00000, 0x00000000f9680000, 0x0000000100000000)
  eden space 197120K, 0% used [0x00000000eab00000,0x00000000eab00000,0x00000000f6b80000)
  from space 6656K, 92% used [0x00000000f6b80000,0x00000000f71800c0,0x00000000f7200000)
  to   space 22016K, 0% used [0x00000000f8100000,0x00000000f8100000,0x00000000f9680000)
 ParOldGen       total 150528K, used 36315K [0x00000000c0000000, 0x00000000c9300000, 0x00000000eab00000)
  object space 150528K, 24% used [0x00000000c0000000,0x00000000c2376f30,0x00000000c9300000)
 Metaspace       used 60085K, capacity 62222K, committed 62464K, reserved 1103872K
  class space    used 7969K, capacity 8397K, committed 8448K, reserved 1048576K
Event: 195.422 GC heap after
Heap after GC invocations=24 (full 5):
 PSYoungGen      total 203776K, used 0K [0x00000000eab00000, 0x00000000f9680000, 0x0000000100000000)
  eden space 197120K, 0% used [0x00000000eab00000,0x00000000eab00000,0x00000000f6b80000)
  from space 6656K, 0% used [0x00000000f6b80000,0x00000000f6b80000,0x00000000f7200000)
  to   space 22016K, 0% used [0x00000000f8100000,0x00000000f8100000,0x00000000f9680000)
 ParOldGen       total 150528K, used 41454K [0x00000000c0000000, 0x00000000c9300000, 0x00000000eab00000)
  object space 150528K, 27% used [0x00000000c0000000,0x00000000c287b928,0x00000000c9300000)
 Metaspace       used 60032K, capacity 62046K, committed 62464K, reserved 1103872K
  class space    used 7954K, capacity 8381K, committed 8448K, reserved 1048576K
}
Event: 195.441 GC heap before
{Heap before GC invocations=25 (full 5):
 PSYoungGen      total 203776K, used 795K [0x00000000eab00000, 0x00000000f9680000, 0x0000000100000000)
  eden space 197120K, 0% used [0x00000000eab00000,0x00000000eabc6f88,0x00000000f6b80000)
  from space 6656K, 0% used [0x00000000f6b80000,0x00000000f6b80000,0x00000000f7200000)
  to   space 22016K, 0% used [0x00000000f8100000,0x00000000f8100000,0x00000000f9680000)
 ParOldGen       total 150528K, used 41454K [0x00000000c0000000, 0x00000000c9300000, 0x00000000eab00000)
  object space 150528K, 27% used [0x00000000c0000000,0x00000000c287b928,0x00000000c9300000)
 Metaspace       used 60033K, capacity 62046K, committed 62464K, reserved 1103872K
  class space    used 7954K, capacity 8381K, committed 8448K, reserved 1048576K
Event: 195.494 GC heap after
Heap after GC invocations=25 (full 5):
 PSYoungGen      total 218624K, used 128K [0x00000000eab00000, 0x00000000f9780000, 0x0000000100000000)
  eden space 196608K, 0% used [0x00000000eab00000,0x00000000eab00000,0x00000000f6b00000)
  from space 22016K, 0% used [0x00000000f8100000,0x00000000f8120000,0x00000000f9680000)
  to   space 22528K, 0% used [0x00000000f6b00000,0x00000000f6b00000,0x00000000f8100000)
 ParOldGen       total 150528K, used 41454K [0x00000000c0000000, 0x00000000c9300000, 0x00000000eab00000)
  object space 150528K, 27% used [0x00000000c0000000,0x00000000c287b928,0x00000000c9300000)
 Metaspace       used 60033K, capacity 62046K, committed 62464K, reserved 1103872K
  class space    used 7954K, capacity 8381K, committed 8448K, reserved 1048576K
}
Event: 195.494 GC heap before
{Heap before GC invocations=26 (full 6):
 PSYoungGen      total 218624K, used 128K [0x00000000eab00000, 0x00000000f9780000, 0x0000000100000000)
  eden space 196608K, 0% used [0x00000000eab00000,0x00000000eab00000,0x00000000f6b00000)
  from space 22016K, 0% used [0x00000000f8100000,0x00000000f8120000,0x00000000f9680000)
  to   space 22528K, 0% used [0x00000000f6b00000,0x00000000f6b00000,0x00000000f8100000)
 ParOldGen       total 150528K, used 41454K [0x00000000c0000000, 0x00000000c9300000, 0x00000000eab00000)
  object space 150528K, 27% used [0x00000000c0000000,0x00000000c287b928,0x00000000c9300000)
 Metaspace       used 60033K, capacity 62046K, committed 62464K, reserved 1103872K
  class space    used 7954K, capacity 8381K, committed 8448K, reserved 1048576K
Event: 195.858 GC heap after
Heap after GC invocations=26 (full 6):
 PSYoungGen      total 218624K, used 0K [0x00000000eab00000, 0x00000000f9780000, 0x0000000100000000)
  eden space 196608K, 0% used [0x00000000eab00000,0x00000000eab00000,0x00000000f6b00000)
  from space 22016K, 0% used [0x00000000f8100000,0x00000000f8100000,0x00000000f9680000)
  to   space 22528K, 0% used [0x00000000f6b00000,0x00000000f6b00000,0x00000000f8100000)
 ParOldGen       total 150528K, used 40643K [0x00000000c0000000, 0x00000000c9300000, 0x00000000eab00000)
  object space 150528K, 27% used [0x00000000c0000000,0x00000000c27b0e98,0x00000000c9300000)
 Metaspace       used 60033K, capacity 62046K, committed 62464K, reserved 1103872K
  class space    used 7954K, capacity 8381K, committed 8448K, reserved 1048576K
}

